Arguments: 
  /usr/local/Cellar/node/14.10.1/bin/node /usr/local/Cellar/yarn/1.22.5/libexec/bin/yarn.js add bullmq

PATH: 
  /Applications/Postgres.app/Contents/Versions/latest/bin:/usr/local/Cellar/pyenv-virtualenv/1.1.5/shims:/Users/sayetech/.pyenv/shims:/Users/sayetech/.pyenv/bin:/Library/Frameworks/Python.framework/Versions/3.8/bin:/usr/local/bin:/usr/bin:/bin:/usr/sbin:/sbin:/usr/local/go/bin:/usr/local/share/dotnet:~/.dotnet/tools:/Library/Apple/usr/bin:/Library/Frameworks/Mono.framework/Versions/Current/Commands:/Users/sayetech/Library/Application Support/cloud-code/installer/google-cloud-sdk/bin:/Applications/Postgres.app/Contents/Versions/latest/bin:/Users/sayetech/opt/anaconda3/bin:/Users/sayetech/opt/anaconda3/condabin:/usr/local/Cellar/pyenv-virtualenv/1.1.5/shims:/Users/sayetech/.pyenv/shims:/Users/sayetech/.pyenv/bin:/Library/Frameworks/Python.framework/Versions/3.8/bin:/Users/sayetech/Library/flutter/bin:/opt/yarn-[version]/bin:/Users/sayetech/.dotnet/tools:/Users/sayetech/Library/flutter/bin:/opt/yarn-[version]/bin:/usr/local/bin:/Users/sayetech/.dotnet/tools

Yarn version: 
  1.22.5

Node version: 
  14.10.1

Platform: 
  darwin x64

Trace: 
  Error: read ECONNRESET
      at TLSWrap.onStreamRead (internal/stream_base_commons.js:209:20)

npm manifest: 
  {
    "name": "expiration_service",
    "version": "1.0.0",
    "description": "Ticket service for ticketing app",
    "main": "index.js",
    "author": "stilyng94",
    "license": "MIT",
    "scripts": {
      "start": "ts-node-dev --respawn --transpile-only --clear -- src/index.ts",
      "test": "jest --watchAll --no-cache"
    },
    "jest": {
      "preset": "ts-jest",
      "testEnvironment": "node",
      "setupFilesAfterEnv": [
        "./src/test/setup.ts"
      ]
    },
    "dependencies": {
      "@lotus_yng_dev_tickets/common": "^1.0.7",
      "node-nats-streaming": "^0.3.2",
      "ts-node-dev": "^1.1.1",
      "typescript": "^4.1.3"
    },
    "devDependencies": {
      "@types/node": "^14.14.14",
      "jest": "^26.6.3",
      "ts-jest": "^26.4.4"
    }
  }

yarn manifest: 
  No manifest

Lockfile: 
  No lockfile
